<?xml version="1.0" encoding="UTF-8"?>
<!-- Generated by org.testng.reporters.JUnitReportReporter -->
<testsuite hostname="DESKTOP-QMC73QV" failures="0" tests="1" name="BaseCode.OpenApp" time="10.145" errors="0" timestamp="2023-06-10T16:06:38 IST" skipped="0">
  <testcase classname="BaseCode.OpenApp" name="loginApp" time="10.145"/>
  <system-out/>
</testsuite> <!-- BaseCode.OpenApp -->
