<?xml version="1.0" encoding="UTF-8"?>
<!-- Generated by org.testng.reporters.JUnitReportReporter -->
<testsuite hostname="DESKTOP-QMC73QV" failures="0" tests="1" name="BaseCode.OpenApp" time="3.619" errors="0" timestamp="2023-06-13T14:19:23 IST" skipped="0">
  <testcase classname="BaseCode.OpenApp" name="loginApp" time="3.619"/>
  <system-out/>
</testsuite> <!-- BaseCode.OpenApp -->
