<?xml version="1.0" encoding="UTF-8"?>
<!-- Generated by org.testng.reporters.JUnitReportReporter -->
<testsuite hostname="DESKTOP-QMC73QV" failures="0" tests="1" name="BaseCode.OpenApp" time="4.982" errors="0" timestamp="2023-06-19T16:09:34 IST" skipped="0">
  <testcase classname="BaseCode.OpenApp" name="loginApp" time="4.982"/>
  <system-out/>
</testsuite> <!-- BaseCode.OpenApp -->
